Unknown configuration key throttle
vbam: could not connect to socket
vbam: No such file or directory
VBA-M (BBA) [SDL]
Searching for file vbam.cfg
Searching current directory: /home/rubab/CS2110/Homeworks/HW9
Searching home directory: /home/rubab/.vbam
Searching data directory: /usr/share/vbam
Searching system config directory: /etc
Reading configuration file.
Searching for file vba-over.ini
Searching current directory: /home/rubab/CS2110/Homeworks/HW9
Searching home directory: /home/rubab/.vbam
Searching data directory: /usr/share/vbam
Searching system config directory: /etc
vba-over.ini NOT FOUND (using emulator settings)
Trying patch demo.ips
Trying patch demo.ups
Trying patch demo.ppf
Trying to start LIRC: Failed
Color depth: 32
Shutting down
15:22:07 13.08.2018: Wrote battery
